{"/Applications/MAMP/htdocs/SVN/sephoraorg/js/common/ncommon.min.js":{"path":"/Applications/MAMP/htdocs/SVN/sephoraorg/js/common/ncommon.min.js","s":{"1":1,"2":0,"3":0,"4":0,"5":0,"6":0,"7":0,"8":0,"9":0,"10":0,"11":0,"12":0,"13":0,"14":0,"15":0,"16":0,"17":0,"18":0,"19":0,"20":0,"21":0,"22":0,"23":0,"24":0,"25":0,"26":0,"27":0,"28":0,"29":0,"30":0,"31":0,"32":0,"33":0,"34":0,"35":0,"36":0,"37":0,"38":0,"39":0,"40":0,"41":0,"42":0,"43":0,"44":0,"45":0,"46":0,"47":0,"48":0,"49":0,"50":0,"51":0,"52":0,"53":0,"54":0,"55":0,"56":0,"57":0,"58":0,"59":0,"60":0,"61":0,"62":0,"63":0,"64":0,"65":0,"66":0,"67":0,"68":0,"69":0,"70":0,"71":0,"72":0,"73":0,"74":0,"75":0,"76":0,"77":0,"78":0,"79":0,"80":0,"81":0,"82":0,"83":0,"84":0,"85":0,"86":0,"87":0,"88":0,"89":0,"90":0,"91":0,"92":0,"93":0,"94":0,"95":0,"96":0,"97":0,"98":0,"99":0,"100":0,"101":0,"102":0,"103":0,"104":0,"105":0,"106":0,"107":0,"108":0,"109":0,"110":0,"111":0,"112":0,"113":0,"114":0,"115":0,"116":0,"117":0,"118":0,"119":0,"120":0,"121":0,"122":0,"123":0,"124":0,"125":0,"126":0,"127":0,"128":0,"129":0,"130":0,"131":0,"132":0,"133":0,"134":0,"135":0,"136":0,"137":0,"138":0,"139":0,"140":0,"141":0,"142":0,"143":0,"144":0,"145":0,"146":0,"147":0,"148":0,"149":0,"150":0,"151":0,"152":0,"153":0,"154":0,"155":0,"156":0,"157":0,"158":0,"159":0,"160":0,"161":0,"162":0,"163":0,"164":0,"165":0,"166":0,"167":0,"168":0,"169":0,"170":0,"171":0,"172":0,"173":0,"174":0,"175":0,"176":0,"177":0,"178":0,"179":0,"180":0,"181":0,"182":0,"183":0,"184":0,"185":0,"186":0},"b":{"1":[0,0],"2":[0,0],"3":[0,0],"4":[0,0,0,0,0],"5":[0,0],"6":[0,0],"7":[0,0],"8":[0,0],"9":[0,0],"10":[0,0,0,0],"11":[0,0],"12":[0,0,0],"13":[0,0],"14":[0,0],"15":[0,0],"16":[0,0],"17":[0,0],"18":[0,0],"19":[0,0],"20":[0,0],"21":[0,0],"22":[0,0],"23":[0,0],"24":[0,0],"25":[0,0],"26":[0,0],"27":[0,0],"28":[0,0],"29":[0,0],"30":[0,0,0,0,0,0],"31":[0,0],"32":[0,0],"33":[0,0],"34":[0,0],"35":[0,0],"36":[0,0],"37":[0,0],"38":[0,0,0],"39":[0,0],"40":[0,0],"41":[0,0,0],"42":[0,0],"43":[0,0],"44":[0,0],"45":[0,0],"46":[0,0],"47":[0,0,0],"48":[0,0],"49":[0,0],"50":[0,0,0],"51":[0,0],"52":[0,0],"53":[0,0],"54":[0,0],"55":[0,0,0],"56":[0,0],"57":[0,0],"58":[0,0],"59":[0,0,0],"60":[0,0,0],"61":[0,0],"62":[0,0],"63":[0,0],"64":[0,0,0,0,0,0,0],"65":[0,0,0,0,0],"66":[0,0],"67":[0,0],"68":[0,0],"69":[0,0],"70":[0,0],"71":[0,0],"72":[0,0],"73":[0,0],"74":[0,0],"75":[0,0],"76":[0,0],"77":[0,0],"78":[0,0],"79":[0,0],"80":[0,0],"81":[0,0],"82":[0,0],"83":[0,0],"84":[0,0],"85":[0,0],"86":[0,0]},"f":{"1":0,"2":0,"3":0,"4":0,"5":0,"6":0,"7":0,"8":0,"9":0,"10":0,"11":0,"12":0,"13":0,"14":0,"15":0,"16":0,"17":0,"18":0,"19":0,"20":0,"21":0,"22":0,"23":0,"24":0,"25":0,"26":0,"27":0,"28":0,"29":0,"30":0,"31":0,"32":0,"33":0,"34":0,"35":0,"36":0,"37":0,"38":0,"39":0,"40":0,"41":0,"42":0,"43":0,"44":0,"45":0,"46":0,"47":0,"48":0,"49":0,"50":0,"51":0,"52":0,"53":0,"54":0,"55":0,"56":0,"57":0,"58":0,"59":0,"60":0,"61":0,"62":0,"63":0,"64":0,"65":0,"66":0,"67":0,"68":0,"69":0,"70":0,"71":0,"72":0,"73":0,"74":0,"75":0,"76":0,"77":0,"78":0,"79":0,"80":0,"81":0,"82":0,"83":0,"84":0,"85":0,"86":0,"87":0,"88":0,"89":0,"90":0,"91":0,"92":0,"93":0,"94":0,"95":0,"96":0,"97":0,"98":0,"99":0,"100":0,"101":0,"102":0,"103":0,"104":0,"105":0,"106":0,"107":0,"108":0},"fnMap":{"1":{"name":"(anonymous_1)","line":1,"loc":{"start":{"line":1,"column":1},"end":{"line":1,"column":14}}},"2":{"name":"(anonymous_2)","line":1,"loc":{"start":{"line":1,"column":25},"end":{"line":1,"column":35}}},"3":{"name":"(anonymous_3)","line":1,"loc":{"start":{"line":1,"column":42},"end":{"line":1,"column":52}}},"4":{"name":"(anonymous_4)","line":1,"loc":{"start":{"line":1,"column":57},"end":{"line":1,"column":67}}},"5":{"name":"(anonymous_5)","line":1,"loc":{"start":{"line":1,"column":72},"end":{"line":1,"column":82}}},"6":{"name":"(anonymous_6)","line":1,"loc":{"start":{"line":1,"column":87},"end":{"line":1,"column":97}}},"7":{"name":"(anonymous_7)","line":1,"loc":{"start":{"line":1,"column":102},"end":{"line":1,"column":112}}},"8":{"name":"(anonymous_8)","line":1,"loc":{"start":{"line":1,"column":117},"end":{"line":1,"column":127}}},"9":{"name":"(anonymous_9)","line":1,"loc":{"start":{"line":1,"column":132},"end":{"line":1,"column":142}}},"10":{"name":"(anonymous_10)","line":1,"loc":{"start":{"line":1,"column":147},"end":{"line":1,"column":157}}},"11":{"name":"(anonymous_11)","line":1,"loc":{"start":{"line":1,"column":162},"end":{"line":1,"column":172}}},"12":{"name":"(anonymous_12)","line":1,"loc":{"start":{"line":1,"column":177},"end":{"line":1,"column":187}}},"13":{"name":"(anonymous_13)","line":1,"loc":{"start":{"line":1,"column":192},"end":{"line":1,"column":202}}},"14":{"name":"(anonymous_14)","line":1,"loc":{"start":{"line":1,"column":228},"end":{"line":1,"column":243}}},"15":{"name":"(anonymous_15)","line":1,"loc":{"start":{"line":1,"column":298},"end":{"line":1,"column":311}}},"16":{"name":"(anonymous_16)","line":1,"loc":{"start":{"line":1,"column":519},"end":{"line":1,"column":530}}},"17":{"name":"(anonymous_17)","line":1,"loc":{"start":{"line":1,"column":617},"end":{"line":1,"column":628}}},"18":{"name":"(anonymous_18)","line":1,"loc":{"start":{"line":1,"column":661},"end":{"line":1,"column":672}}},"19":{"name":"(anonymous_19)","line":1,"loc":{"start":{"line":1,"column":904},"end":{"line":1,"column":915}}},"20":{"name":"(anonymous_20)","line":1,"loc":{"start":{"line":1,"column":988},"end":{"line":1,"column":999}}},"21":{"name":"(anonymous_21)","line":1,"loc":{"start":{"line":1,"column":1068},"end":{"line":1,"column":1079}}},"22":{"name":"(anonymous_22)","line":1,"loc":{"start":{"line":1,"column":1149},"end":{"line":1,"column":1160}}},"23":{"name":"(anonymous_23)","line":1,"loc":{"start":{"line":1,"column":1209},"end":{"line":1,"column":1220}}},"24":{"name":"(anonymous_24)","line":1,"loc":{"start":{"line":1,"column":1257},"end":{"line":1,"column":1268}}},"25":{"name":"(anonymous_25)","line":1,"loc":{"start":{"line":1,"column":1303},"end":{"line":1,"column":1314}}},"26":{"name":"(anonymous_26)","line":1,"loc":{"start":{"line":1,"column":1394},"end":{"line":1,"column":1404}}},"27":{"name":"(anonymous_27)","line":1,"loc":{"start":{"line":1,"column":1441},"end":{"line":1,"column":1454}}},"28":{"name":"(anonymous_28)","line":1,"loc":{"start":{"line":1,"column":1485},"end":{"line":1,"column":1496}}},"29":{"name":"(anonymous_29)","line":1,"loc":{"start":{"line":1,"column":1795},"end":{"line":1,"column":1806}}},"30":{"name":"(anonymous_30)","line":1,"loc":{"start":{"line":1,"column":1888},"end":{"line":1,"column":1899}}},"31":{"name":"(anonymous_31)","line":1,"loc":{"start":{"line":1,"column":1988},"end":{"line":1,"column":1999}}},"32":{"name":"(anonymous_32)","line":1,"loc":{"start":{"line":1,"column":2040},"end":{"line":1,"column":2051}}},"33":{"name":"(anonymous_33)","line":1,"loc":{"start":{"line":1,"column":2146},"end":{"line":1,"column":2157}}},"34":{"name":"(anonymous_34)","line":1,"loc":{"start":{"line":1,"column":2300},"end":{"line":1,"column":2311}}},"35":{"name":"(anonymous_35)","line":1,"loc":{"start":{"line":1,"column":2420},"end":{"line":1,"column":2430}}},"36":{"name":"(anonymous_36)","line":1,"loc":{"start":{"line":1,"column":2578},"end":{"line":1,"column":2588}}},"37":{"name":"(anonymous_37)","line":1,"loc":{"start":{"line":1,"column":2613},"end":{"line":1,"column":2623}}},"38":{"name":"(anonymous_38)","line":1,"loc":{"start":{"line":1,"column":2650},"end":{"line":1,"column":2660}}},"39":{"name":"(anonymous_39)","line":1,"loc":{"start":{"line":1,"column":2674},"end":{"line":1,"column":2684}}},"40":{"name":"(anonymous_40)","line":1,"loc":{"start":{"line":1,"column":2721},"end":{"line":1,"column":2732}}},"41":{"name":"(anonymous_41)","line":1,"loc":{"start":{"line":1,"column":2753},"end":{"line":1,"column":2764}}},"42":{"name":"(anonymous_42)","line":1,"loc":{"start":{"line":1,"column":2787},"end":{"line":1,"column":2798}}},"43":{"name":"(anonymous_43)","line":1,"loc":{"start":{"line":1,"column":2828},"end":{"line":1,"column":2839}}},"44":{"name":"(anonymous_44)","line":1,"loc":{"start":{"line":1,"column":3016},"end":{"line":1,"column":3027}}},"45":{"name":"(anonymous_45)","line":1,"loc":{"start":{"line":1,"column":3073},"end":{"line":1,"column":3083}}},"46":{"name":"(anonymous_46)","line":1,"loc":{"start":{"line":1,"column":3098},"end":{"line":1,"column":3108}}},"47":{"name":"(anonymous_47)","line":1,"loc":{"start":{"line":1,"column":3224},"end":{"line":1,"column":3235}}},"48":{"name":"(anonymous_48)","line":1,"loc":{"start":{"line":1,"column":3321},"end":{"line":1,"column":3331}}},"49":{"name":"(anonymous_49)","line":1,"loc":{"start":{"line":1,"column":3383},"end":{"line":1,"column":3394}}},"50":{"name":"(anonymous_50)","line":1,"loc":{"start":{"line":1,"column":3467},"end":{"line":1,"column":3477}}},"51":{"name":"(anonymous_51)","line":1,"loc":{"start":{"line":1,"column":3553},"end":{"line":1,"column":3563}}},"52":{"name":"(anonymous_52)","line":1,"loc":{"start":{"line":1,"column":3716},"end":{"line":1,"column":3726}}},"53":{"name":"(anonymous_53)","line":1,"loc":{"start":{"line":1,"column":3740},"end":{"line":1,"column":3750}}},"54":{"name":"(anonymous_54)","line":1,"loc":{"start":{"line":1,"column":3780},"end":{"line":1,"column":3790}}},"55":{"name":"(anonymous_55)","line":1,"loc":{"start":{"line":1,"column":3910},"end":{"line":1,"column":3920}}},"56":{"name":"(anonymous_56)","line":1,"loc":{"start":{"line":1,"column":4025},"end":{"line":1,"column":4036}}},"57":{"name":"(anonymous_57)","line":1,"loc":{"start":{"line":1,"column":4139},"end":{"line":1,"column":4149}}},"58":{"name":"(anonymous_58)","line":1,"loc":{"start":{"line":1,"column":4271},"end":{"line":1,"column":4284}}},"59":{"name":"(anonymous_59)","line":1,"loc":{"start":{"line":1,"column":4493},"end":{"line":1,"column":4504}}},"60":{"name":"(anonymous_60)","line":1,"loc":{"start":{"line":1,"column":4618},"end":{"line":1,"column":4637}}},"61":{"name":"(anonymous_61)","line":1,"loc":{"start":{"line":1,"column":4830},"end":{"line":1,"column":4841}}},"62":{"name":"(anonymous_62)","line":1,"loc":{"start":{"line":1,"column":4944},"end":{"line":1,"column":4954}}},"63":{"name":"(anonymous_63)","line":1,"loc":{"start":{"line":1,"column":5114},"end":{"line":1,"column":5124}}},"64":{"name":"(anonymous_64)","line":1,"loc":{"start":{"line":1,"column":5163},"end":{"line":1,"column":5174}}},"65":{"name":"(anonymous_65)","line":1,"loc":{"start":{"line":1,"column":5254},"end":{"line":1,"column":5267}}},"66":{"name":"(anonymous_66)","line":1,"loc":{"start":{"line":1,"column":5397},"end":{"line":1,"column":5408}}},"67":{"name":"(anonymous_67)","line":1,"loc":{"start":{"line":1,"column":5473},"end":{"line":1,"column":5483}}},"68":{"name":"(anonymous_68)","line":1,"loc":{"start":{"line":1,"column":5522},"end":{"line":1,"column":5535}}},"69":{"name":"(anonymous_69)","line":1,"loc":{"start":{"line":1,"column":5578},"end":{"line":1,"column":5588}}},"70":{"name":"(anonymous_70)","line":1,"loc":{"start":{"line":1,"column":5627},"end":{"line":1,"column":5640}}},"71":{"name":"(anonymous_71)","line":1,"loc":{"start":{"line":1,"column":5681},"end":{"line":1,"column":5694}}},"72":{"name":"(anonymous_72)","line":1,"loc":{"start":{"line":1,"column":5759},"end":{"line":1,"column":5772}}},"73":{"name":"(anonymous_73)","line":1,"loc":{"start":{"line":1,"column":5847},"end":{"line":1,"column":5860}}},"74":{"name":"(anonymous_74)","line":1,"loc":{"start":{"line":1,"column":6051},"end":{"line":1,"column":6061}}},"75":{"name":"(anonymous_75)","line":1,"loc":{"start":{"line":1,"column":6187},"end":{"line":1,"column":6197}}},"76":{"name":"(anonymous_76)","line":1,"loc":{"start":{"line":1,"column":6286},"end":{"line":1,"column":6296}}},"77":{"name":"(anonymous_77)","line":1,"loc":{"start":{"line":1,"column":6397},"end":{"line":1,"column":6407}}},"78":{"name":"(anonymous_78)","line":1,"loc":{"start":{"line":1,"column":6541},"end":{"line":1,"column":6551}}},"79":{"name":"(anonymous_79)","line":1,"loc":{"start":{"line":1,"column":6607},"end":{"line":1,"column":6617}}},"80":{"name":"(anonymous_80)","line":1,"loc":{"start":{"line":1,"column":6687},"end":{"line":1,"column":6697}}},"81":{"name":"(anonymous_81)","line":1,"loc":{"start":{"line":1,"column":6748},"end":{"line":1,"column":6758}}},"82":{"name":"(anonymous_82)","line":1,"loc":{"start":{"line":1,"column":6812},"end":{"line":1,"column":6822}}},"83":{"name":"(anonymous_83)","line":1,"loc":{"start":{"line":1,"column":6901},"end":{"line":1,"column":6911}}},"84":{"name":"(anonymous_84)","line":1,"loc":{"start":{"line":1,"column":6990},"end":{"line":1,"column":7000}}},"85":{"name":"(anonymous_85)","line":1,"loc":{"start":{"line":1,"column":7077},"end":{"line":1,"column":7087}}},"86":{"name":"(anonymous_86)","line":1,"loc":{"start":{"line":1,"column":7232},"end":{"line":1,"column":7242}}},"87":{"name":"(anonymous_87)","line":1,"loc":{"start":{"line":1,"column":7328},"end":{"line":1,"column":7338}}},"88":{"name":"(anonymous_88)","line":1,"loc":{"start":{"line":1,"column":7414},"end":{"line":1,"column":7424}}},"89":{"name":"(anonymous_89)","line":1,"loc":{"start":{"line":1,"column":7486},"end":{"line":1,"column":7496}}},"90":{"name":"(anonymous_90)","line":1,"loc":{"start":{"line":1,"column":7574},"end":{"line":1,"column":7584}}},"91":{"name":"(anonymous_91)","line":1,"loc":{"start":{"line":1,"column":7675},"end":{"line":1,"column":7685}}},"92":{"name":"(anonymous_92)","line":1,"loc":{"start":{"line":1,"column":7830},"end":{"line":1,"column":7840}}},"93":{"name":"(anonymous_93)","line":1,"loc":{"start":{"line":1,"column":7913},"end":{"line":1,"column":7923}}},"94":{"name":"(anonymous_94)","line":1,"loc":{"start":{"line":1,"column":7991},"end":{"line":1,"column":8001}}},"95":{"name":"(anonymous_95)","line":1,"loc":{"start":{"line":1,"column":8041},"end":{"line":1,"column":8051}}},"96":{"name":"(anonymous_96)","line":1,"loc":{"start":{"line":1,"column":8111},"end":{"line":1,"column":8121}}},"97":{"name":"(anonymous_97)","line":1,"loc":{"start":{"line":1,"column":8163},"end":{"line":1,"column":8173}}},"98":{"name":"(anonymous_98)","line":1,"loc":{"start":{"line":1,"column":8314},"end":{"line":1,"column":8324}}},"99":{"name":"(anonymous_99)","line":1,"loc":{"start":{"line":1,"column":8441},"end":{"line":1,"column":8451}}},"100":{"name":"(anonymous_100)","line":1,"loc":{"start":{"line":1,"column":8501},"end":{"line":1,"column":8511}}},"101":{"name":"(anonymous_101)","line":1,"loc":{"start":{"line":1,"column":8751},"end":{"line":1,"column":8761}}},"102":{"name":"(anonymous_102)","line":1,"loc":{"start":{"line":1,"column":9454},"end":{"line":1,"column":9464}}},"103":{"name":"(anonymous_103)","line":1,"loc":{"start":{"line":1,"column":9512},"end":{"line":1,"column":9522}}},"104":{"name":"(anonymous_104)","line":1,"loc":{"start":{"line":1,"column":9578},"end":{"line":1,"column":9588}}},"105":{"name":"(anonymous_105)","line":1,"loc":{"start":{"line":1,"column":9656},"end":{"line":1,"column":9666}}},"106":{"name":"(anonymous_106)","line":1,"loc":{"start":{"line":1,"column":9697},"end":{"line":1,"column":9708}}},"107":{"name":"(anonymous_107)","line":1,"loc":{"start":{"line":1,"column":9730},"end":{"line":1,"column":9740}}},"108":{"name":"(anonymous_108)","line":1,"loc":{"start":{"line":1,"column":9784},"end":{"line":1,"column":9794}}}},"statementMap":{"1":{"start":{"line":1,"column":0},"end":{"line":1,"column":9981}},"2":{"start":{"line":1,"column":15},"end":{"line":1,"column":9964}},"3":{"start":{"line":1,"column":36},"end":{"line":1,"column":205}},"4":{"start":{"line":1,"column":205},"end":{"line":1,"column":9843}},"5":{"start":{"line":1,"column":244},"end":{"line":1,"column":274}},"6":{"start":{"line":1,"column":312},"end":{"line":1,"column":402}},"7":{"start":{"line":1,"column":393},"end":{"line":1,"column":402}},"8":{"start":{"line":1,"column":402},"end":{"line":1,"column":501}},"9":{"start":{"line":1,"column":423},"end":{"line":1,"column":492}},"10":{"start":{"line":1,"column":438},"end":{"line":1,"column":492}},"11":{"start":{"line":1,"column":483},"end":{"line":1,"column":492}},"12":{"start":{"line":1,"column":492},"end":{"line":1,"column":500}},"13":{"start":{"line":1,"column":501},"end":{"line":1,"column":509}},"14":{"start":{"line":1,"column":531},"end":{"line":1,"column":605}},"15":{"start":{"line":1,"column":629},"end":{"line":1,"column":650}},"16":{"start":{"line":1,"column":673},"end":{"line":1,"column":891}},"17":{"start":{"line":1,"column":916},"end":{"line":1,"column":978}},"18":{"start":{"line":1,"column":1000},"end":{"line":1,"column":1059}},"19":{"start":{"line":1,"column":1080},"end":{"line":1,"column":1138}},"20":{"start":{"line":1,"column":1161},"end":{"line":1,"column":1198}},"21":{"start":{"line":1,"column":1221},"end":{"line":1,"column":1245}},"22":{"start":{"line":1,"column":1269},"end":{"line":1,"column":1294}},"23":{"start":{"line":1,"column":1315},"end":{"line":1,"column":1368}},"24":{"start":{"line":1,"column":1405},"end":{"line":1,"column":1432}},"25":{"start":{"line":1,"column":1455},"end":{"line":1,"column":1477}},"26":{"start":{"line":1,"column":1497},"end":{"line":1,"column":1528}},"27":{"start":{"line":1,"column":1519},"end":{"line":1,"column":1528}},"28":{"start":{"line":1,"column":1528},"end":{"line":1,"column":1759}},"29":{"start":{"line":1,"column":1759},"end":{"line":1,"column":1775}},"30":{"start":{"line":1,"column":1807},"end":{"line":1,"column":1838}},"31":{"start":{"line":1,"column":1829},"end":{"line":1,"column":1838}},"32":{"start":{"line":1,"column":1838},"end":{"line":1,"column":1860}},"33":{"start":{"line":1,"column":1860},"end":{"line":1,"column":1876}},"34":{"start":{"line":1,"column":1900},"end":{"line":1,"column":1931}},"35":{"start":{"line":1,"column":1922},"end":{"line":1,"column":1931}},"36":{"start":{"line":1,"column":1931},"end":{"line":1,"column":1952}},"37":{"start":{"line":1,"column":1952},"end":{"line":1,"column":1968}},"38":{"start":{"line":1,"column":2000},"end":{"line":1,"column":2014}},"39":{"start":{"line":1,"column":2014},"end":{"line":1,"column":2030}},"40":{"start":{"line":1,"column":2052},"end":{"line":1,"column":2083}},"41":{"start":{"line":1,"column":2074},"end":{"line":1,"column":2083}},"42":{"start":{"line":1,"column":2083},"end":{"line":1,"column":2117}},"43":{"start":{"line":1,"column":2117},"end":{"line":1,"column":2133}},"44":{"start":{"line":1,"column":2158},"end":{"line":1,"column":2189}},"45":{"start":{"line":1,"column":2180},"end":{"line":1,"column":2189}},"46":{"start":{"line":1,"column":2189},"end":{"line":1,"column":2274}},"47":{"start":{"line":1,"column":2274},"end":{"line":1,"column":2290}},"48":{"start":{"line":1,"column":2312},"end":{"line":1,"column":2343}},"49":{"start":{"line":1,"column":2334},"end":{"line":1,"column":2343}},"50":{"start":{"line":1,"column":2343},"end":{"line":1,"column":2383}},"51":{"start":{"line":1,"column":2383},"end":{"line":1,"column":2399}},"52":{"start":{"line":1,"column":2431},"end":{"line":1,"column":2450}},"53":{"start":{"line":1,"column":2450},"end":{"line":1,"column":2667}},"54":{"start":{"line":1,"column":2685},"end":{"line":1,"column":2696}},"55":{"start":{"line":1,"column":2696},"end":{"line":1,"column":2819}},"56":{"start":{"line":1,"column":2733},"end":{"line":1,"column":2744}},"57":{"start":{"line":1,"column":2765},"end":{"line":1,"column":2777}},"58":{"start":{"line":1,"column":2799},"end":{"line":1,"column":2812}},"59":{"start":{"line":1,"column":2840},"end":{"line":1,"column":2851}},"60":{"start":{"line":1,"column":2851},"end":{"line":1,"column":2890}},"61":{"start":{"line":1,"column":2890},"end":{"line":1,"column":2916}},"62":{"start":{"line":1,"column":2916},"end":{"line":1,"column":2965}},"63":{"start":{"line":1,"column":2965},"end":{"line":1,"column":2995}},"64":{"start":{"line":1,"column":3028},"end":{"line":1,"column":3039}},"65":{"start":{"line":1,"column":3039},"end":{"line":1,"column":3528}},"66":{"start":{"line":1,"column":3109},"end":{"line":1,"column":3212}},"67":{"start":{"line":1,"column":3236},"end":{"line":1,"column":3306}},"68":{"start":{"line":1,"column":3332},"end":{"line":1,"column":3343}},"69":{"start":{"line":1,"column":3343},"end":{"line":1,"column":3452}},"70":{"start":{"line":1,"column":3395},"end":{"line":1,"column":3412}},"71":{"start":{"line":1,"column":3478},"end":{"line":1,"column":3522}},"72":{"start":{"line":1,"column":3564},"end":{"line":1,"column":3575}},"73":{"start":{"line":1,"column":3575},"end":{"line":1,"column":4467}},"74":{"start":{"line":1,"column":3751},"end":{"line":1,"column":3896}},"75":{"start":{"line":1,"column":3791},"end":{"line":1,"column":3847}},"76":{"start":{"line":1,"column":3847},"end":{"line":1,"column":3889}},"77":{"start":{"line":1,"column":3921},"end":{"line":1,"column":3935}},"78":{"start":{"line":1,"column":3935},"end":{"line":1,"column":4013}},"79":{"start":{"line":1,"column":4037},"end":{"line":1,"column":4124}},"80":{"start":{"line":1,"column":4150},"end":{"line":1,"column":4170}},"81":{"start":{"line":1,"column":4170},"end":{"line":1,"column":4461}},"82":{"start":{"line":1,"column":4285},"end":{"line":1,"column":4301}},"83":{"start":{"line":1,"column":4301},"end":{"line":1,"column":4307}},"84":{"start":{"line":1,"column":4307},"end":{"line":1,"column":4459}},"85":{"start":{"line":1,"column":4505},"end":{"line":1,"column":4551}},"86":{"start":{"line":1,"column":4551},"end":{"line":1,"column":4606}},"87":{"start":{"line":1,"column":4638},"end":{"line":1,"column":4660}},"88":{"start":{"line":1,"column":4660},"end":{"line":1,"column":4753}},"89":{"start":{"line":1,"column":4670},"end":{"line":1,"column":4685}},"90":{"start":{"line":1,"column":4685},"end":{"line":1,"column":4752}},"91":{"start":{"line":1,"column":4753},"end":{"line":1,"column":4818}},"92":{"start":{"line":1,"column":4842},"end":{"line":1,"column":4857}},"93":{"start":{"line":1,"column":4857},"end":{"line":1,"column":4929}},"94":{"start":{"line":1,"column":4955},"end":{"line":1,"column":5001}},"95":{"start":{"line":1,"column":5001},"end":{"line":1,"column":5090}},"96":{"start":{"line":1,"column":5006},"end":{"line":1,"column":5090}},"97":{"start":{"line":1,"column":5030},"end":{"line":1,"column":5090}},"98":{"start":{"line":1,"column":5125},"end":{"line":1,"column":5152}},"99":{"start":{"line":1,"column":5175},"end":{"line":1,"column":5186}},"100":{"start":{"line":1,"column":5186},"end":{"line":1,"column":5243}},"101":{"start":{"line":1,"column":5268},"end":{"line":1,"column":5279}},"102":{"start":{"line":1,"column":5279},"end":{"line":1,"column":5383}},"103":{"start":{"line":1,"column":5300},"end":{"line":1,"column":5383}},"104":{"start":{"line":1,"column":5304},"end":{"line":1,"column":5331}},"105":{"start":{"line":1,"column":5341},"end":{"line":1,"column":5382}},"106":{"start":{"line":1,"column":5409},"end":{"line":1,"column":5456}},"107":{"start":{"line":1,"column":5484},"end":{"line":1,"column":5566}},"108":{"start":{"line":1,"column":5536},"end":{"line":1,"column":5564}},"109":{"start":{"line":1,"column":5589},"end":{"line":1,"column":5657}},"110":{"start":{"line":1,"column":5641},"end":{"line":1,"column":5655}},"111":{"start":{"line":1,"column":5695},"end":{"line":1,"column":5742}},"112":{"start":{"line":1,"column":5722},"end":{"line":1,"column":5742}},"113":{"start":{"line":1,"column":5733},"end":{"line":1,"column":5742}},"114":{"start":{"line":1,"column":5742},"end":{"line":1,"column":5750}},"115":{"start":{"line":1,"column":5773},"end":{"line":1,"column":5797}},"116":{"start":{"line":1,"column":5797},"end":{"line":1,"column":5833}},"117":{"start":{"line":1,"column":5861},"end":{"line":1,"column":5881}},"118":{"start":{"line":1,"column":6062},"end":{"line":1,"column":6071}},"119":{"start":{"line":1,"column":6071},"end":{"line":1,"column":6169}},"120":{"start":{"line":1,"column":6198},"end":{"line":1,"column":6274}},"121":{"start":{"line":1,"column":6297},"end":{"line":1,"column":6379}},"122":{"start":{"line":1,"column":6408},"end":{"line":1,"column":6535}},"123":{"start":{"line":1,"column":6469},"end":{"line":1,"column":6531}},"124":{"start":{"line":1,"column":6519},"end":{"line":1,"column":6531}},"125":{"start":{"line":1,"column":6531},"end":{"line":1,"column":6534}},"126":{"start":{"line":1,"column":6552},"end":{"line":1,"column":6598}},"127":{"start":{"line":1,"column":6618},"end":{"line":1,"column":6680}},"128":{"start":{"line":1,"column":6698},"end":{"line":1,"column":6741}},"129":{"start":{"line":1,"column":6759},"end":{"line":1,"column":6802}},"130":{"start":{"line":1,"column":6823},"end":{"line":1,"column":6886}},"131":{"start":{"line":1,"column":6912},"end":{"line":1,"column":6974}},"132":{"start":{"line":1,"column":7001},"end":{"line":1,"column":7064}},"133":{"start":{"line":1,"column":7088},"end":{"line":1,"column":7214}},"134":{"start":{"line":1,"column":7243},"end":{"line":1,"column":7309}},"135":{"start":{"line":1,"column":7339},"end":{"line":1,"column":7404}},"136":{"start":{"line":1,"column":7425},"end":{"line":1,"column":7471}},"137":{"start":{"line":1,"column":7497},"end":{"line":1,"column":7558}},"138":{"start":{"line":1,"column":7585},"end":{"line":1,"column":7668}},"139":{"start":{"line":1,"column":7686},"end":{"line":1,"column":7818}},"140":{"start":{"line":1,"column":7841},"end":{"line":1,"column":7900}},"141":{"start":{"line":1,"column":7924},"end":{"line":1,"column":7983}},"142":{"start":{"line":1,"column":8002},"end":{"line":1,"column":8031}},"143":{"start":{"line":1,"column":8052},"end":{"line":1,"column":8098}},"144":{"start":{"line":1,"column":8122},"end":{"line":1,"column":8154}},"145":{"start":{"line":1,"column":8174},"end":{"line":1,"column":8305}},"146":{"start":{"line":1,"column":8325},"end":{"line":1,"column":8431}},"147":{"start":{"line":1,"column":8452},"end":{"line":1,"column":8488}},"148":{"start":{"line":1,"column":8512},"end":{"line":1,"column":8520}},"149":{"start":{"line":1,"column":8520},"end":{"line":1,"column":8734}},"150":{"start":{"line":1,"column":8682},"end":{"line":1,"column":8730}},"151":{"start":{"line":1,"column":8721},"end":{"line":1,"column":8730}},"152":{"start":{"line":1,"column":8730},"end":{"line":1,"column":8733}},"153":{"start":{"line":1,"column":8734},"end":{"line":1,"column":8742}},"154":{"start":{"line":1,"column":8762},"end":{"line":1,"column":9405}},"155":{"start":{"line":1,"column":8777},"end":{"line":1,"column":8816}},"156":{"start":{"line":1,"column":8792},"end":{"line":1,"column":8816}},"157":{"start":{"line":1,"column":8816},"end":{"line":1,"column":8859}},"158":{"start":{"line":1,"column":8833},"end":{"line":1,"column":8859}},"159":{"start":{"line":1,"column":8859},"end":{"line":1,"column":8897}},"160":{"start":{"line":1,"column":8874},"end":{"line":1,"column":8897}},"161":{"start":{"line":1,"column":8903},"end":{"line":1,"column":8983}},"162":{"start":{"line":1,"column":8921},"end":{"line":1,"column":8983}},"163":{"start":{"line":1,"column":8983},"end":{"line":1,"column":9075}},"164":{"start":{"line":1,"column":9004},"end":{"line":1,"column":9075}},"165":{"start":{"line":1,"column":9075},"end":{"line":1,"column":9185}},"166":{"start":{"line":1,"column":9093},"end":{"line":1,"column":9185}},"167":{"start":{"line":1,"column":9185},"end":{"line":1,"column":9253}},"168":{"start":{"line":1,"column":9200},"end":{"line":1,"column":9253}},"169":{"start":{"line":1,"column":9253},"end":{"line":1,"column":9290}},"170":{"start":{"line":1,"column":9269},"end":{"line":1,"column":9290}},"171":{"start":{"line":1,"column":9290},"end":{"line":1,"column":9331}},"172":{"start":{"line":1,"column":9311},"end":{"line":1,"column":9331}},"173":{"start":{"line":1,"column":9331},"end":{"line":1,"column":9371}},"174":{"start":{"line":1,"column":9352},"end":{"line":1,"column":9371}},"175":{"start":{"line":1,"column":9371},"end":{"line":1,"column":9404}},"176":{"start":{"line":1,"column":9389},"end":{"line":1,"column":9404}},"177":{"start":{"line":1,"column":9405},"end":{"line":1,"column":9443}},"178":{"start":{"line":1,"column":9465},"end":{"line":1,"column":9500}},"179":{"start":{"line":1,"column":9523},"end":{"line":1,"column":9558}},"180":{"start":{"line":1,"column":9589},"end":{"line":1,"column":9634}},"181":{"start":{"line":1,"column":9667},"end":{"line":1,"column":9775}},"182":{"start":{"line":1,"column":9709},"end":{"line":1,"column":9768}},"183":{"start":{"line":1,"column":9741},"end":{"line":1,"column":9766}},"184":{"start":{"line":1,"column":9795},"end":{"line":1,"column":9809}},"185":{"start":{"line":1,"column":9843},"end":{"line":1,"column":9953}},"186":{"start":{"line":1,"column":9953},"end":{"line":1,"column":9961}}},"branchMap":{"1":{"line":1,"type":"binary-expr","locations":[{"start":{"line":1,"column":260},"end":{"line":1,"column":261}},{"start":{"line":1,"column":263},"end":{"line":1,"column":265}}]},"2":{"line":1,"type":"binary-expr","locations":[{"start":{"line":1,"column":268},"end":{"line":1,"column":269}},{"start":{"line":1,"column":271},"end":{"line":1,"column":273}}]},"3":{"line":1,"type":"if","locations":[{"start":{"line":1,"column":312},"end":{"line":1,"column":312}},{"start":{"line":1,"column":312},"end":{"line":1,"column":312}}]},"4":{"line":1,"type":"binary-expr","locations":[{"start":{"line":1,"column":315},"end":{"line":1,"column":336}},{"start":{"line":1,"column":338},"end":{"line":1,"column":346}},{"start":{"line":1,"column":349},"end":{"line":1,"column":360}},{"start":{"line":1,"column":363},"end":{"line":1,"column":378}},{"start":{"line":1,"column":380},"end":{"line":1,"column":392}}]},"5":{"line":1,"type":"cond-expr","locations":[{"start":{"line":1,"column":351},"end":{"line":1,"column":353}},{"start":{"line":1,"column":354},"end":{"line":1,"column":360}}]},"6":{"line":1,"type":"if","locations":[{"start":{"line":1,"column":402},"end":{"line":1,"column":402}},{"start":{"line":1,"column":402},"end":{"line":1,"column":402}}]},"7":{"line":1,"type":"if","locations":[{"start":{"line":1,"column":438},"end":{"line":1,"column":438}},{"start":{"line":1,"column":438},"end":{"line":1,"column":438}}]},"8":{"line":1,"type":"cond-expr","locations":[{"start":{"line":1,"column":554},"end":{"line":1,"column":556}},{"start":{"line":1,"column":557},"end":{"line":1,"column":605}}]},"9":{"line":1,"type":"cond-expr","locations":[{"start":{"line":1,"column":736},"end":{"line":1,"column":837}},{"start":{"line":1,"column":838},"end":{"line":1,"column":891}}]},"10":{"line":1,"type":"binary-expr","locations":[{"start":{"line":1,"column":736},"end":{"line":1,"column":744}},{"start":{"line":1,"column":746},"end":{"line":1,"column":756}},{"start":{"line":1,"column":758},"end":{"line":1,"column":811}},{"start":{"line":1,"column":813},"end":{"line":1,"column":837}}]},"11":{"line":1,"type":"binary-expr","locations":[{"start":{"line":1,"column":1167},"end":{"line":1,"column":1185}},{"start":{"line":1,"column":1187},"end":{"line":1,"column":1198}}]},"12":{"line":1,"type":"binary-expr","locations":[{"start":{"line":1,"column":1321},"end":{"line":1,"column":1339}},{"start":{"line":1,"column":1341},"end":{"line":1,"column":1357}},{"start":{"line":1,"column":1359},"end":{"line":1,"column":1368}}]},"13":{"line":1,"type":"if","locations":[{"start":{"line":1,"column":1497},"end":{"line":1,"column":1497}},{"start":{"line":1,"column":1497},"end":{"line":1,"column":1497}}]},"14":{"line":1,"type":"if","locations":[{"start":{"line":1,"column":1807},"end":{"line":1,"column":1807}},{"start":{"line":1,"column":1807},"end":{"line":1,"column":1807}}]},"15":{"line":1,"type":"if","locations":[{"start":{"line":1,"column":1900},"end":{"line":1,"column":1900}},{"start":{"line":1,"column":1900},"end":{"line":1,"column":1900}}]},"16":{"line":1,"type":"if","locations":[{"start":{"line":1,"column":2052},"end":{"line":1,"column":2052}},{"start":{"line":1,"column":2052},"end":{"line":1,"column":2052}}]},"17":{"line":1,"type":"if","locations":[{"start":{"line":1,"column":2158},"end":{"line":1,"column":2158}},{"start":{"line":1,"column":2158},"end":{"line":1,"column":2158}}]},"18":{"line":1,"type":"if","locations":[{"start":{"line":1,"column":2312},"end":{"line":1,"column":2312}},{"start":{"line":1,"column":2312},"end":{"line":1,"column":2312}}]},"19":{"line":1,"type":"binary-expr","locations":[{"start":{"line":1,"column":2488},"end":{"line":1,"column":2493}},{"start":{"line":1,"column":2495},"end":{"line":1,"column":2497}}]},"20":{"line":1,"type":"binary-expr","locations":[{"start":{"line":1,"column":2508},"end":{"line":1,"column":2514}},{"start":{"line":1,"column":2516},"end":{"line":1,"column":2521}}]},"21":{"line":1,"type":"binary-expr","locations":[{"start":{"line":1,"column":2536},"end":{"line":1,"column":2546}},{"start":{"line":1,"column":2548},"end":{"line":1,"column":2557}}]},"22":{"line":1,"type":"binary-expr","locations":[{"start":{"line":1,"column":2570},"end":{"line":1,"column":2576}},{"start":{"line":1,"column":2578},"end":{"line":1,"column":2590}}]},"23":{"line":1,"type":"binary-expr","locations":[{"start":{"line":1,"column":2604},"end":{"line":1,"column":2611}},{"start":{"line":1,"column":2613},"end":{"line":1,"column":2625}}]},"24":{"line":1,"type":"binary-expr","locations":[{"start":{"line":1,"column":2640},"end":{"line":1,"column":2648}},{"start":{"line":1,"column":2650},"end":{"line":1,"column":2662}}]},"25":{"line":1,"type":"binary-expr","locations":[{"start":{"line":1,"column":3236},"end":{"line":1,"column":3257}},{"start":{"line":1,"column":3260},"end":{"line":1,"column":3272}}]},"26":{"line":1,"type":"cond-expr","locations":[{"start":{"line":1,"column":3951},"end":{"line":1,"column":3974}},{"start":{"line":1,"column":3975},"end":{"line":1,"column":4013}}]},"27":{"line":1,"type":"binary-expr","locations":[{"start":{"line":1,"column":4037},"end":{"line":1,"column":4058}},{"start":{"line":1,"column":4061},"end":{"line":1,"column":4073}}]},"28":{"line":1,"type":"cond-expr","locations":[{"start":{"line":1,"column":4186},"end":{"line":1,"column":4209}},{"start":{"line":1,"column":4210},"end":{"line":1,"column":4248}}]},"29":{"line":1,"type":"binary-expr","locations":[{"start":{"line":1,"column":4307},"end":{"line":1,"column":4308}},{"start":{"line":1,"column":4311},"end":{"line":1,"column":4458}}]},"30":{"line":1,"type":"binary-expr","locations":[{"start":{"line":1,"column":4349},"end":{"line":1,"column":4370}},{"start":{"line":1,"column":4372},"end":{"line":1,"column":4376}},{"start":{"line":1,"column":4378},"end":{"line":1,"column":4381}},{"start":{"line":1,"column":4383},"end":{"line":1,"column":4386}},{"start":{"line":1,"column":4388},"end":{"line":1,"column":4392}},{"start":{"line":1,"column":4396},"end":{"line":1,"column":4457}}]},"31":{"line":1,"type":"binary-expr","locations":[{"start":{"line":1,"column":4396},"end":{"line":1,"column":4406}},{"start":{"line":1,"column":4408},"end":{"line":1,"column":4421}}]},"32":{"line":1,"type":"cond-expr","locations":[{"start":{"line":1,"column":4587},"end":{"line":1,"column":4601}},{"start":{"line":1,"column":4602},"end":{"line":1,"column":4606}}]},"33":{"line":1,"type":"if","locations":[{"start":{"line":1,"column":4660},"end":{"line":1,"column":4660}},{"start":{"line":1,"column":4660},"end":{"line":1,"column":4660}}]},"34":{"line":1,"type":"binary-expr","locations":[{"start":{"line":1,"column":4753},"end":{"line":1,"column":4758}},{"start":{"line":1,"column":4761},"end":{"line":1,"column":4774}}]},"35":{"line":1,"type":"binary-expr","locations":[{"start":{"line":1,"column":4776},"end":{"line":1,"column":4781}},{"start":{"line":1,"column":4784},"end":{"line":1,"column":4799}}]},"36":{"line":1,"type":"if","locations":[{"start":{"line":1,"column":5001},"end":{"line":1,"column":5001}},{"start":{"line":1,"column":5001},"end":{"line":1,"column":5001}}]},"37":{"line":1,"type":"cond-expr","locations":[{"start":{"line":1,"column":5147},"end":{"line":1,"column":5149}},{"start":{"line":1,"column":5150},"end":{"line":1,"column":5152}}]},"38":{"line":1,"type":"binary-expr","locations":[{"start":{"line":1,"column":5193},"end":{"line":1,"column":5207}},{"start":{"line":1,"column":5209},"end":{"line":1,"column":5210}},{"start":{"line":1,"column":5213},"end":{"line":1,"column":5240}}]},"39":{"line":1,"type":"if","locations":[{"start":{"line":1,"column":5279},"end":{"line":1,"column":5279}},{"start":{"line":1,"column":5279},"end":{"line":1,"column":5279}}]},"40":{"line":1,"type":"binary-expr","locations":[{"start":{"line":1,"column":5282},"end":{"line":1,"column":5296}},{"start":{"line":1,"column":5298},"end":{"line":1,"column":5299}}]},"41":{"line":1,"type":"binary-expr","locations":[{"start":{"line":1,"column":5409},"end":{"line":1,"column":5423}},{"start":{"line":1,"column":5425},"end":{"line":1,"column":5426}},{"start":{"line":1,"column":5428},"end":{"line":1,"column":5456}}]},"42":{"line":1,"type":"binary-expr","locations":[{"start":{"line":1,"column":5484},"end":{"line":1,"column":5498}},{"start":{"line":1,"column":5500},"end":{"line":1,"column":5566}}]},"43":{"line":1,"type":"binary-expr","locations":[{"start":{"line":1,"column":5589},"end":{"line":1,"column":5603}},{"start":{"line":1,"column":5605},"end":{"line":1,"column":5657}}]},"44":{"line":1,"type":"if","locations":[{"start":{"line":1,"column":5722},"end":{"line":1,"column":5722}},{"start":{"line":1,"column":5722},"end":{"line":1,"column":5722}}]},"45":{"line":1,"type":"cond-expr","locations":[{"start":{"line":1,"column":5810},"end":{"line":1,"column":5825}},{"start":{"line":1,"column":5827},"end":{"line":1,"column":5833}}]},"46":{"line":1,"type":"binary-expr","locations":[{"start":{"line":1,"column":5939},"end":{"line":1,"column":5960}},{"start":{"line":1,"column":5962},"end":{"line":1,"column":5999}}]},"47":{"line":1,"type":"binary-expr","locations":[{"start":{"line":1,"column":6204},"end":{"line":1,"column":6222}},{"start":{"line":1,"column":6224},"end":{"line":1,"column":6239}},{"start":{"line":1,"column":6241},"end":{"line":1,"column":6274}}]},"48":{"line":1,"type":"cond-expr","locations":[{"start":{"line":1,"column":6361},"end":{"line":1,"column":6372}},{"start":{"line":1,"column":6373},"end":{"line":1,"column":6379}}]},"49":{"line":1,"type":"if","locations":[{"start":{"line":1,"column":6469},"end":{"line":1,"column":6469}},{"start":{"line":1,"column":6469},"end":{"line":1,"column":6469}}]},"50":{"line":1,"type":"binary-expr","locations":[{"start":{"line":1,"column":6559},"end":{"line":1,"column":6572}},{"start":{"line":1,"column":6574},"end":{"line":1,"column":6585}},{"start":{"line":1,"column":6587},"end":{"line":1,"column":6598}}]},"51":{"line":1,"type":"binary-expr","locations":[{"start":{"line":1,"column":6624},"end":{"line":1,"column":6639}},{"start":{"line":1,"column":6641},"end":{"line":1,"column":6680}}]},"52":{"line":1,"type":"binary-expr","locations":[{"start":{"line":1,"column":6829},"end":{"line":1,"column":6844}},{"start":{"line":1,"column":6846},"end":{"line":1,"column":6886}}]},"53":{"line":1,"type":"binary-expr","locations":[{"start":{"line":1,"column":6919},"end":{"line":1,"column":6933}},{"start":{"line":1,"column":6935},"end":{"line":1,"column":6974}}]},"54":{"line":1,"type":"binary-expr","locations":[{"start":{"line":1,"column":7008},"end":{"line":1,"column":7022}},{"start":{"line":1,"column":7024},"end":{"line":1,"column":7064}}]},"55":{"line":1,"type":"binary-expr","locations":[{"start":{"line":1,"column":7094},"end":{"line":1,"column":7137}},{"start":{"line":1,"column":7139},"end":{"line":1,"column":7176}},{"start":{"line":1,"column":7178},"end":{"line":1,"column":7214}}]},"56":{"line":1,"type":"binary-expr","locations":[{"start":{"line":1,"column":7250},"end":{"line":1,"column":7267}},{"start":{"line":1,"column":7269},"end":{"line":1,"column":7309}}]},"57":{"line":1,"type":"binary-expr","locations":[{"start":{"line":1,"column":7346},"end":{"line":1,"column":7363}},{"start":{"line":1,"column":7365},"end":{"line":1,"column":7404}}]},"58":{"line":1,"type":"binary-expr","locations":[{"start":{"line":1,"column":7504},"end":{"line":1,"column":7518}},{"start":{"line":1,"column":7520},"end":{"line":1,"column":7558}}]},"59":{"line":1,"type":"binary-expr","locations":[{"start":{"line":1,"column":7592},"end":{"line":1,"column":7606}},{"start":{"line":1,"column":7608},"end":{"line":1,"column":7646}},{"start":{"line":1,"column":7648},"end":{"line":1,"column":7668}}]},"60":{"line":1,"type":"binary-expr","locations":[{"start":{"line":1,"column":7693},"end":{"line":1,"column":7734}},{"start":{"line":1,"column":7736},"end":{"line":1,"column":7777}},{"start":{"line":1,"column":7780},"end":{"line":1,"column":7818}}]},"61":{"line":1,"type":"binary-expr","locations":[{"start":{"line":1,"column":7848},"end":{"line":1,"column":7859}},{"start":{"line":1,"column":7861},"end":{"line":1,"column":7900}}]},"62":{"line":1,"type":"binary-expr","locations":[{"start":{"line":1,"column":7931},"end":{"line":1,"column":7942}},{"start":{"line":1,"column":7944},"end":{"line":1,"column":7983}}]},"63":{"line":1,"type":"binary-expr","locations":[{"start":{"line":1,"column":8059},"end":{"line":1,"column":8068}},{"start":{"line":1,"column":8070},"end":{"line":1,"column":8098}}]},"64":{"line":1,"type":"binary-expr","locations":[{"start":{"line":1,"column":8181},"end":{"line":1,"column":8200}},{"start":{"line":1,"column":8202},"end":{"line":1,"column":8215}},{"start":{"line":1,"column":8217},"end":{"line":1,"column":8228}},{"start":{"line":1,"column":8230},"end":{"line":1,"column":8249}},{"start":{"line":1,"column":8251},"end":{"line":1,"column":8273}},{"start":{"line":1,"column":8275},"end":{"line":1,"column":8291}},{"start":{"line":1,"column":8293},"end":{"line":1,"column":8305}}]},"65":{"line":1,"type":"binary-expr","locations":[{"start":{"line":1,"column":8332},"end":{"line":1,"column":8343}},{"start":{"line":1,"column":8345},"end":{"line":1,"column":8365}},{"start":{"line":1,"column":8367},"end":{"line":1,"column":8390}},{"start":{"line":1,"column":8392},"end":{"line":1,"column":8412}},{"start":{"line":1,"column":8414},"end":{"line":1,"column":8431}}]},"66":{"line":1,"type":"binary-expr","locations":[{"start":{"line":1,"column":8458},"end":{"line":1,"column":8472}},{"start":{"line":1,"column":8474},"end":{"line":1,"column":8488}}]},"67":{"line":1,"type":"if","locations":[{"start":{"line":1,"column":8682},"end":{"line":1,"column":8682}},{"start":{"line":1,"column":8682},"end":{"line":1,"column":8682}}]},"68":{"line":1,"type":"if","locations":[{"start":{"line":1,"column":8762},"end":{"line":1,"column":8762}},{"start":{"line":1,"column":8762},"end":{"line":1,"column":8762}}]},"69":{"line":1,"type":"if","locations":[{"start":{"line":1,"column":8777},"end":{"line":1,"column":8777}},{"start":{"line":1,"column":8777},"end":{"line":1,"column":8777}}]},"70":{"line":1,"type":"if","locations":[{"start":{"line":1,"column":8816},"end":{"line":1,"column":8816}},{"start":{"line":1,"column":8816},"end":{"line":1,"column":8816}}]},"71":{"line":1,"type":"if","locations":[{"start":{"line":1,"column":8859},"end":{"line":1,"column":8859}},{"start":{"line":1,"column":8859},"end":{"line":1,"column":8859}}]},"72":{"line":1,"type":"if","locations":[{"start":{"line":1,"column":8903},"end":{"line":1,"column":8903}},{"start":{"line":1,"column":8903},"end":{"line":1,"column":8903}}]},"73":{"line":1,"type":"cond-expr","locations":[{"start":{"line":1,"column":8949},"end":{"line":1,"column":8965}},{"start":{"line":1,"column":8966},"end":{"line":1,"column":8982}}]},"74":{"line":1,"type":"if","locations":[{"start":{"line":1,"column":8983},"end":{"line":1,"column":8983}},{"start":{"line":1,"column":8983},"end":{"line":1,"column":8983}}]},"75":{"line":1,"type":"cond-expr","locations":[{"start":{"line":1,"column":9035},"end":{"line":1,"column":9054}},{"start":{"line":1,"column":9055},"end":{"line":1,"column":9074}}]},"76":{"line":1,"type":"if","locations":[{"start":{"line":1,"column":9075},"end":{"line":1,"column":9075}},{"start":{"line":1,"column":9075},"end":{"line":1,"column":9075}}]},"77":{"line":1,"type":"cond-expr","locations":[{"start":{"line":1,"column":9121},"end":{"line":1,"column":9137}},{"start":{"line":1,"column":9138},"end":{"line":1,"column":9184}}]},"78":{"line":1,"type":"cond-expr","locations":[{"start":{"line":1,"column":9158},"end":{"line":1,"column":9174}},{"start":{"line":1,"column":9175},"end":{"line":1,"column":9184}}]},"79":{"line":1,"type":"if","locations":[{"start":{"line":1,"column":9185},"end":{"line":1,"column":9185}},{"start":{"line":1,"column":9185},"end":{"line":1,"column":9185}}]},"80":{"line":1,"type":"cond-expr","locations":[{"start":{"line":1,"column":9225},"end":{"line":1,"column":9238}},{"start":{"line":1,"column":9239},"end":{"line":1,"column":9252}}]},"81":{"line":1,"type":"if","locations":[{"start":{"line":1,"column":9253},"end":{"line":1,"column":9253}},{"start":{"line":1,"column":9253},"end":{"line":1,"column":9253}}]},"82":{"line":1,"type":"if","locations":[{"start":{"line":1,"column":9290},"end":{"line":1,"column":9290}},{"start":{"line":1,"column":9290},"end":{"line":1,"column":9290}}]},"83":{"line":1,"type":"if","locations":[{"start":{"line":1,"column":9331},"end":{"line":1,"column":9331}},{"start":{"line":1,"column":9331},"end":{"line":1,"column":9331}}]},"84":{"line":1,"type":"if","locations":[{"start":{"line":1,"column":9371},"end":{"line":1,"column":9371}},{"start":{"line":1,"column":9371},"end":{"line":1,"column":9371}}]},"85":{"line":1,"type":"cond-expr","locations":[{"start":{"line":1,"column":9427},"end":{"line":1,"column":9436}},{"start":{"line":1,"column":9437},"end":{"line":1,"column":9443}}]},"86":{"line":1,"type":"cond-expr","locations":[{"start":{"line":1,"column":9612},"end":{"line":1,"column":9622}},{"start":{"line":1,"column":9623},"end":{"line":1,"column":9634}}]}}}}